



mothur v.1.39.5
Last updated: 3/20/2017

by
Patrick D. Schloss

Department of Microbiology & Immunology
University of Michigan
http://www.mothur.org

When using, please cite:
Schloss, P.D., et al., Introducing mothur: Open-source, platform-independent, community-supported software for describing and comparing microbial communities. Appl Environ Microbiol, 2009. 75(23):7537-41.

Distributed under the GNU General Public License

Type 'help()' for information on the commands that are available

For questions and analysis support, please visit our forum at https://www.mothur.org/forum

Type 'quit()' to exit program



mothur > make.contigs(file=F://software/analysis_SOP/analysis/mothur/example.files, processors=4)

Using 4 processors.

>>>>>	Processing file pair F:/data/fastq_files/lab/SP2831_S304_L001_R1_001.fastq - F:/data/fastq_files/lab/SP2831_S304_L001_R2_001.fastq (files 1 of 20)	<<<<<
Making contigs...
890
890
890
890
Done.

It took 2 secs to assemble 3560 reads.


>>>>>	Processing file pair F:/data/fastq_files/lab/SP2097_S300_L001_R1_001.fastq - F:/data/fastq_files/lab/SP2097_S300_L001_R2_001.fastq (files 2 of 20)	<<<<<
Making contigs...
1000
1000
1000
1000
2000
2000
2000
2000
2422
2419
2419
2419
Done.

It took 3 secs to assemble 9679 reads.


>>>>>	Processing file pair F:/data/fastq_files/lab/SP2861_S315_L001_R1_001.fastq - F:/data/fastq_files/lab/SP2861_S315_L001_R2_001.fastq (files 3 of 20)	<<<<<
Making contigs...
1000
1000
1000
1000
2000
2000
2000
2000
2277
2277
2277
2277
Done.

It took 4 secs to assemble 9108 reads.


>>>>>	Processing file pair F:/data/fastq_files/lab/SP2963_S317_L001_R1_001.fastq - F:/data/fastq_files/lab/SP2963_S317_L001_R2_001.fastq (files 4 of 20)	<<<<<
Making contigs...
1000
1000
1000
1000
2000
2000
2000
2000
3000
3000
3000
3000
4000
4000
4000
4000
4925
4928
4925
4925
Done.

It took 8 secs to assemble 19703 reads.


>>>>>	Processing file pair F:/data/fastq_files/lab/SP3194_S321_L001_R1_001.fastq - F:/data/fastq_files/lab/SP3194_S321_L001_R2_001.fastq (files 5 of 20)	<<<<<
Making contigs...
1000
1000
1000
1000
2000
2000
2000
2000
2121
2119
2119
2119
Done.

It took 3 secs to assemble 8478 reads.


>>>>>	Processing file pair F:/data/fastq_files/lab/SP3283_S323_L001_R1_001.fastq - F:/data/fastq_files/lab/SP3283_S323_L001_R2_001.fastq (files 6 of 20)	<<<<<
Making contigs...
1000
1000
1000
1000
2000
2000
2000
2000
3000
3000
3053
3053
3000
3000
3053
3053
Done.

It took 5 secs to assemble 12212 reads.


>>>>>	Processing file pair F:/data/fastq_files/lab/SP304_S157_L001_R1_001.fastq - F:/data/fastq_files/lab/SP304_S157_L001_R2_001.fastq (files 7 of 20)	<<<<<
Making contigs...
1000
1000
1000
1000
2000
2000
2000
2000
3000
3000
3000
3000
4000
4000
4000
4000
5000
5000
5000
5000
6000
6000
6000
6000
7000
7000
7000
7000
8000
8000
8000
8000
9000
9000
9000
9000
10000
10000
10000
10000
11000
11000
11000
11000
12000
12000
12000
12000
13000
13000
13000
13000
14000
14000
14000
14000
15000
15000
15000
15000
16000
16000
16000
16000
17000
17000
17000
17000
18000
18000
18000
18000
19000
19000
19000
19393
19393
19000
19393
19393
Done.

It took 29 secs to assemble 77572 reads.


>>>>>	Processing file pair F:/data/fastq_files/lab/SP539_S182_L001_R1_001.fastq - F:/data/fastq_files/lab/SP539_S182_L001_R2_001.fastq (files 8 of 20)	<<<<<
Making contigs...
1000
1000
1000
1000
2000
2000
2000
2000
3000
3000
3000
3000
4000
4000
4000
4000
5000
5000
5000
5000
6000
6000
6000
6000
7000
7000
7000
7000
8000
8000
8000
8000
9000
9000
9000
9000
10000
10000
10000
10000
11000
11000
11000
11000
11289
11289
11290
11289
Done.

It took 17 secs to assemble 45157 reads.


>>>>>	Processing file pair F:/data/fastq_files/lab/SP5788_S337_L001_R1_001.fastq - F:/data/fastq_files/lab/SP5788_S337_L001_R2_001.fastq (files 9 of 20)	<<<<<
Making contigs...
1000
1000
1000
1000
1677
1677
1677
1677
Done.

It took 3 secs to assemble 6708 reads.


>>>>>	Processing file pair F:/data/fastq_files/lab/SP5976_S339_L001_R1_001.fastq - F:/data/fastq_files/lab/SP5976_S339_L001_R2_001.fastq (files 10 of 20)	<<<<<
Making contigs...
971
970
970
970
Done.

It took 1 secs to assemble 3881 reads.


>>>>>	Processing file pair F:/data/fastq_files/lab/SP1247_S139_L001_R1_001.fastq - F:/data/fastq_files/lab/SP1247_S139_L001_R2_001.fastq (files 11 of 20)	<<<<<
Making contigs...
1000
1000
1000
1000
1758
1758
1760
1758
Done.

It took 3 secs to assemble 7034 reads.


>>>>>	Processing file pair F:/data/fastq_files/lab/SP1412_S151_L001_R1_001.fastq - F:/data/fastq_files/lab/SP1412_S151_L001_R2_001.fastq (files 12 of 20)	<<<<<
Making contigs...
1000
1000
1000
1000
1886
1886
1887
1886
Done.

It took 3 secs to assemble 7545 reads.


>>>>>	Processing file pair F:/data/fastq_files/lab/SP2091_S111_L001_R1_001.fastq - F:/data/fastq_files/lab/SP2091_S111_L001_R2_001.fastq (files 13 of 20)	<<<<<
Making contigs...
972
972
972
972
Done.

It took 2 secs to assemble 3888 reads.


>>>>>	Processing file pair F:/data/fastq_files/lab/SP3487_S290_L001_R1_001.fastq - F:/data/fastq_files/lab/SP3487_S290_L001_R2_001.fastq (files 14 of 20)	<<<<<
Making contigs...
1000
1000
1000
1000
2000
2000
2000
2000
3000
3000
3000
3000
4000
4000
4000
4000
5000
5000
5000
5000
5266
5266
5268
5266
Done.

It took 7 secs to assemble 21066 reads.


>>>>>	Processing file pair F:/data/fastq_files/lab/SP3541_S16_L001_R1_001.fastq - F:/data/fastq_files/lab/SP3541_S16_L001_R2_001.fastq (files 15 of 20)	<<<<<
Making contigs...
1000
1000
1000
1000
1164
1163
1163
1163
Done.

It took 2 secs to assemble 4653 reads.


>>>>>	Processing file pair F:/data/fastq_files/lab/SP3733_S28_L001_R1_001.fastq - F:/data/fastq_files/lab/SP3733_S28_L001_R2_001.fastq (files 16 of 20)	<<<<<
Making contigs...
1000
1000
1000
1000
2000
2000
2000
2000
2393
2393
2396
2393
Done.

It took 4 secs to assemble 9575 reads.


>>>>>	Processing file pair F:/data/fastq_files/lab/SP2693_S309_L001_R1_001.fastq - F:/data/fastq_files/lab/SP2693_S309_L001_R2_001.fastq (files 17 of 20)	<<<<<
Making contigs...
1000
1000
1000
1000
1798
1798
1800
1798
Done.

It took 2 secs to assemble 7194 reads.


>>>>>	Processing file pair F:/data/fastq_files/lab/SP2766_S311_L001_R1_001.fastq - F:/data/fastq_files/lab/SP2766_S311_L001_R2_001.fastq (files 18 of 20)	<<<<<
Making contigs...
1000
1000
1000
1000
1704
1701
1701
1701
Done.

It took 3 secs to assemble 6807 reads.


>>>>>	Processing file pair F:/data/fastq_files/lab/SP2827_S312_L001_R1_001.fastq - F:/data/fastq_files/lab/SP2827_S312_L001_R2_001.fastq (files 19 of 20)	<<<<<
Making contigs...
960
959
959
959
Done.

It took 2 secs to assemble 3837 reads.


>>>>>	Processing file pair F:/data/fastq_files/lab/SP2911_S64_L001_R1_001.fastq - F:/data/fastq_files/lab/SP2911_S64_L001_R2_001.fastq (files 20 of 20)	<<<<<
Making contigs...
1000
1000
1000
1000
2000
2000
2000
2000
3000
3000
3000
3000
4000
4000
4000
4000
5000
5025
5000
5025
5000
5026
5000
5025
Done.

It took 7 secs to assemble 20101 reads.

It took 110 secs to process 287758 sequences.

Group count: 
SP1247	7034
SP1412	7545
SP2091	3888
SP2097	9679
SP2693	7194
SP2766	6807
SP2827	3837
SP2831	3560
SP2861	9108
SP2911	20101
SP2963	19703
SP304	77572
SP3194	8478
SP3283	12212
SP3487	21066
SP3541	4653
SP3733	9575
SP539	45157
SP5788	6708
SP5976	3881

Total of all groups is 287758

Output File Names: 
F://software/analysis_SOP/analysis/mothur/example.trim.contigs.fasta
F://software/analysis_SOP/analysis/mothur/example.trim.contigs.qual
F://software/analysis_SOP/analysis/mothur/example.contigs.report
F://software/analysis_SOP/analysis/mothur/example.scrap.contigs.fasta
F://software/analysis_SOP/analysis/mothur/example.scrap.contigs.qual
F://software/analysis_SOP/analysis/mothur/example.contigs.groups

[WARNING]: your sequence names contained ':'.  I changed them to '_' to avoid problems in your downstream analysis.

mothur > quit()


<<<<<<<<<<<<<<<<<<<<<<<<<<<<<<^>>>>>>>>>>>>>>>>>>>>>>>>>>>>>
<<<<<<<<<<<<<<<<<<<<<<<<<<<<<<^>>>>>>>>>>>>>>>>>>>>>>>>>>>>>
<<<<<<<<<<<<<<<<<<<<<<<<<<<<<<^>>>>>>>>>>>>>>>>>>>>>>>>>>>>>
Detected 1 [WARNING] messages, please review.
<<<<<<<<<<<<<<<<<<<<<<<<<<<<<<^>>>>>>>>>>>>>>>>>>>>>>>>>>>>>
<<<<<<<<<<<<<<<<<<<<<<<<<<<<<<^>>>>>>>>>>>>>>>>>>>>>>>>>>>>>
<<<<<<<<<<<<<<<<<<<<<<<<<<<<<<^>>>>>>>>>>>>>>>>>>>>>>>>>>>>>




mothur v.1.39.5
Last updated: 3/20/2017

by
Patrick D. Schloss

Department of Microbiology & Immunology
University of Michigan
http://www.mothur.org

When using, please cite:
Schloss, P.D., et al., Introducing mothur: Open-source, platform-independent, community-supported software for describing and comparing microbial communities. Appl Environ Microbiol, 2009. 75(23):7537-41.

Distributed under the GNU General Public License

Type 'help()' for information on the commands that are available

For questions and analysis support, please visit our forum at https://www.mothur.org/forum

Type 'quit()' to exit program



mothur > make.contigs(file=F://software/analysis_SOP/analysis/mothur/example.files, processors=4)

Using 4 processors.

>>>>>	Processing file pair F:/data/fastq_files/lab/SP2831_S304_L001_R1_001.fastq - F:/data/fastq_files/lab/SP2831_S304_L001_R2_001.fastq (files 1 of 20)	<<<<<
Making contigs...
890
890
890
890
Done.

It took 1 secs to assemble 3560 reads.


>>>>>	Processing file pair F:/data/fastq_files/lab/SP2097_S300_L001_R1_001.fastq - F:/data/fastq_files/lab/SP2097_S300_L001_R2_001.fastq (files 2 of 20)	<<<<<
Making contigs...
1000
1000
1000
1000
2000
2000
2000
2000
2419
2422
2419
2419
Done.

It took 4 secs to assemble 9679 reads.


>>>>>	Processing file pair F:/data/fastq_files/lab/SP2861_S315_L001_R1_001.fastq - F:/data/fastq_files/lab/SP2861_S315_L001_R2_001.fastq (files 3 of 20)	<<<<<
Making contigs...
1000
1000
1000
1000
2000
2000
2000
2000
2277
2277
2277
2277
Done.

It took 3 secs to assemble 9108 reads.


>>>>>	Processing file pair F:/data/fastq_files/lab/SP2963_S317_L001_R1_001.fastq - F:/data/fastq_files/lab/SP2963_S317_L001_R2_001.fastq (files 4 of 20)	<<<<<
Making contigs...
1000
1000
1000
1000
2000
2000
2000
2000
3000
3000
3000
3000
4000
4000
4000
4000
4925
4928
4925
4925
Done.

It took 8 secs to assemble 19703 reads.


>>>>>	Processing file pair F:/data/fastq_files/lab/SP3194_S321_L001_R1_001.fastq - F:/data/fastq_files/lab/SP3194_S321_L001_R2_001.fastq (files 5 of 20)	<<<<<
Making contigs...
1000
1000
1000
1000
2000
2000
2000
2000
2119
2119
2119
2121
Done.

It took 3 secs to assemble 8478 reads.


>>>>>	Processing file pair F:/data/fastq_files/lab/SP3283_S323_L001_R1_001.fastq - F:/data/fastq_files/lab/SP3283_S323_L001_R2_001.fastq (files 6 of 20)	<<<<<
Making contigs...
1000
1000
1000
1000
2000
2000
2000
2000
3000
3000
3053
3000
3053
3053
3000
3053
Done.

It took 5 secs to assemble 12212 reads.


>>>>>	Processing file pair F:/data/fastq_files/lab/SP304_S157_L001_R1_001.fastq - F:/data/fastq_files/lab/SP304_S157_L001_R2_001.fastq (files 7 of 20)	<<<<<
Making contigs...
1000
1000
1000
1000
2000
2000
2000
2000
3000
3000
3000
3000
4000
4000
4000
4000
5000
5000
5000
5000
6000
6000
6000
6000
7000
7000
7000
7000
8000
8000
8000
8000
9000
9000
9000
9000
10000
10000
10000
10000
11000
11000
11000
11000
12000
12000
12000
12000
13000
13000
13000
13000
14000
14000
14000
14000
15000
15000
15000
15000
16000
16000
16000
16000
17000
17000
17000
17000
18000
18000
18000
18000
19000
19393
19000
19000
19000
19393
19393
19393
Done.

It took 28 secs to assemble 77572 reads.


>>>>>	Processing file pair F:/data/fastq_files/lab/SP539_S182_L001_R1_001.fastq - F:/data/fastq_files/lab/SP539_S182_L001_R2_001.fastq (files 8 of 20)	<<<<<
Making contigs...
1000
1000
1000
1000
2000
2000
2000
2000
3000
3000
3000
3000
4000
4000
4000
4000
5000
5000
5000
5000
6000
6000
6000
6000
7000
7000
7000
7000
8000
8000
8000
8000
9000
9000
9000
9000
10000
10000
10000
10000
11000
11000
11289
11000
11000
11290
11289
11289
Done.

It took 17 secs to assemble 45157 reads.


>>>>>	Processing file pair F:/data/fastq_files/lab/SP5788_S337_L001_R1_001.fastq - F:/data/fastq_files/lab/SP5788_S337_L001_R2_001.fastq (files 9 of 20)	<<<<<
Making contigs...
1000
1000
1000
1000
1677
1677
1677
1677
Done.

It took 2 secs to assemble 6708 reads.


>>>>>	Processing file pair F:/data/fastq_files/lab/SP5976_S339_L001_R1_001.fastq - F:/data/fastq_files/lab/SP5976_S339_L001_R2_001.fastq (files 10 of 20)	<<<<<
Making contigs...
970
970
971
970
Done.

It took 2 secs to assemble 3881 reads.


>>>>>	Processing file pair F:/data/fastq_files/lab/SP1247_S139_L001_R1_001.fastq - F:/data/fastq_files/lab/SP1247_S139_L001_R2_001.fastq (files 11 of 20)	<<<<<
Making contigs...
1000
1000
1000
1000
1758
1758
1760
1758
Done.

It took 3 secs to assemble 7034 reads.


>>>>>	Processing file pair F:/data/fastq_files/lab/SP1412_S151_L001_R1_001.fastq - F:/data/fastq_files/lab/SP1412_S151_L001_R2_001.fastq (files 12 of 20)	<<<<<
Making contigs...
1000
1000
1000
1000
1886
1886
1887
1886
Done.

It took 3 secs to assemble 7545 reads.


>>>>>	Processing file pair F:/data/fastq_files/lab/SP2091_S111_L001_R1_001.fastq - F:/data/fastq_files/lab/SP2091_S111_L001_R2_001.fastq (files 13 of 20)	<<<<<
Making contigs...
972
972
972
972
Done.

It took 1 secs to assemble 3888 reads.


>>>>>	Processing file pair F:/data/fastq_files/lab/SP3487_S290_L001_R1_001.fastq - F:/data/fastq_files/lab/SP3487_S290_L001_R2_001.fastq (files 14 of 20)	<<<<<
Making contigs...
1000
1000
1000
1000
2000
2000
2000
2000
3000
3000
3000
3000
4000
4000
4000
4000
5000
5000
5000
5000
5268
5266
5266
5266
Done.

It took 8 secs to assemble 21066 reads.


>>>>>	Processing file pair F:/data/fastq_files/lab/SP3541_S16_L001_R1_001.fastq - F:/data/fastq_files/lab/SP3541_S16_L001_R2_001.fastq (files 15 of 20)	<<<<<
Making contigs...
1000
1000
1000
1000
1164
1163
1163
1163
Done.

It took 2 secs to assemble 4653 reads.


>>>>>	Processing file pair F:/data/fastq_files/lab/SP3733_S28_L001_R1_001.fastq - F:/data/fastq_files/lab/SP3733_S28_L001_R2_001.fastq (files 16 of 20)	<<<<<
Making contigs...
1000
1000
1000
1000
2000
2000
2000
2000
2396
2393
2393
2393
Done.

It took 3 secs to assemble 9575 reads.


>>>>>	Processing file pair F:/data/fastq_files/lab/SP2693_S309_L001_R1_001.fastq - F:/data/fastq_files/lab/SP2693_S309_L001_R2_001.fastq (files 17 of 20)	<<<<<
Making contigs...
1000
1000
1000
1000
1798
1800
1798
1798
Done.

It took 3 secs to assemble 7194 reads.


>>>>>	Processing file pair F:/data/fastq_files/lab/SP2766_S311_L001_R1_001.fastq - F:/data/fastq_files/lab/SP2766_S311_L001_R2_001.fastq (files 18 of 20)	<<<<<
Making contigs...
1000
1000
1000
1000
1704
1701
1701
1701
Done.

It took 3 secs to assemble 6807 reads.


>>>>>	Processing file pair F:/data/fastq_files/lab/SP2827_S312_L001_R1_001.fastq - F:/data/fastq_files/lab/SP2827_S312_L001_R2_001.fastq (files 19 of 20)	<<<<<
Making contigs...
959
959
960
959
Done.

It took 2 secs to assemble 3837 reads.


>>>>>	Processing file pair F:/data/fastq_files/lab/SP2911_S64_L001_R1_001.fastq - F:/data/fastq_files/lab/SP2911_S64_L001_R2_001.fastq (files 20 of 20)	<<<<<
Making contigs...
1000
1000
1000
1000
2000
2000
2000
2000
3000
3000
3000
3000
4000
4000
4000
4000
5000
5000
5026
5025
5000
5025
5000
5025
Done.

It took 7 secs to assemble 20101 reads.

It took 109 secs to process 287758 sequences.

Group count: 
SP1247	7034
SP1412	7545
SP2091	3888
SP2097	9679
SP2693	7194
SP2766	6807
SP2827	3837
SP2831	3560
SP2861	9108
SP2911	20101
SP2963	19703
SP304	77572
SP3194	8478
SP3283	12212
SP3487	21066
SP3541	4653
SP3733	9575
SP539	45157
SP5788	6708
SP5976	3881

Total of all groups is 287758

Output File Names: 
F://software/analysis_SOP/analysis/mothur/example.trim.contigs.fasta
F://software/analysis_SOP/analysis/mothur/example.trim.contigs.qual
F://software/analysis_SOP/analysis/mothur/example.contigs.report
F://software/analysis_SOP/analysis/mothur/example.scrap.contigs.fasta
F://software/analysis_SOP/analysis/mothur/example.scrap.contigs.qual
F://software/analysis_SOP/analysis/mothur/example.contigs.groups

[WARNING]: your sequence names contained ':'.  I changed them to '_' to avoid problems in your downstream analysis.

mothur > quit()


<<<<<<<<<<<<<<<<<<<<<<<<<<<<<<^>>>>>>>>>>>>>>>>>>>>>>>>>>>>>
<<<<<<<<<<<<<<<<<<<<<<<<<<<<<<^>>>>>>>>>>>>>>>>>>>>>>>>>>>>>
<<<<<<<<<<<<<<<<<<<<<<<<<<<<<<^>>>>>>>>>>>>>>>>>>>>>>>>>>>>>
Detected 1 [WARNING] messages, please review.
<<<<<<<<<<<<<<<<<<<<<<<<<<<<<<^>>>>>>>>>>>>>>>>>>>>>>>>>>>>>
<<<<<<<<<<<<<<<<<<<<<<<<<<<<<<^>>>>>>>>>>>>>>>>>>>>>>>>>>>>>
<<<<<<<<<<<<<<<<<<<<<<<<<<<<<<^>>>>>>>>>>>>>>>>>>>>>>>>>>>>>
